# JRE version: Java(TM) SE Runtime Environment (8.0_201-b09) (build 1.8.0_201-b09)
# Java VM: Java HotSpot(TM) 64-Bit Server VM (25.201-b09 mixed mode windows-amd64 compressed oops)
Heap:
 PSYoungGen      total 245760K, used 153421K [0x00000000d5a00000, 0x00000000e6d80000, 0x0000000100000000)
  eden space 236032K, 65% used [0x00000000d5a00000,0x00000000defd36a0,0x00000000e4080000)
  from space 9728K, 0% used [0x00000000e4080000,0x00000000e4080000,0x00000000e4a00000)
  to   space 23040K, 0% used [0x00000000e5700000,0x00000000e5700000,0x00000000e6d80000)
 ParOldGen       total 143872K, used 86315K [0x0000000080e00000, 0x0000000089a80000, 0x00000000d5a00000)
  object space 143872K, 59% used [0x0000000080e00000,0x000000008624af38,0x0000000089a80000)
 Metaspace       used 73604K, capacity 80514K, committed 80768K, reserved 1120256K
  class space    used 9238K, capacity 10612K, committed 10624K, reserved 1048576K
GC Heap History (10 events):
Event: 4067.658 GC heap before
{Heap before GC invocations=72 (full 20):
 PSYoungGen      total 267776K, used 14523K [0x00000000d5a00000, 0x00000000e7780000, 0x0000000100000000)
  eden space 244224K, 0% used [0x00000000d5a00000,0x00000000d5a00000,0x00000000e4880000)
  from space 23552K, 61% used [0x00000000e6080000,0x00000000e6eaedd0,0x00000000e7780000)
  to   space 24064K, 0% used [0x00000000e4880000,0x00000000e4880000,0x00000000e6000000)
 ParOldGen       total 143872K, used 81659K [0x0000000080e00000, 0x0000000089a80000, 0x00000000d5a00000)
  object space 143872K, 56% used [0x0000000080e00000,0x0000000085dbecc8,0x0000000089a80000)
 Metaspace       used 72516K, capacity 79378K, committed 79616K, reserved 1118208K
  class space    used 9125K, capacity 10467K, committed 10496K, reserved 1048576K
Event: 4068.052 GC heap after
Heap after GC invocations=72 (full 20):
 PSYoungGen      total 267776K, used 0K [0x00000000d5a00000, 0x00000000e7780000, 0x0000000100000000)
  eden space 244224K, 0% used [0x00000000d5a00000,0x00000000d5a00000,0x00000000e4880000)
  from space 23552K, 0% used [0x00000000e6080000,0x00000000e6080000,0x00000000e7780000)
  to   space 24064K, 0% used [0x00000000e4880000,0x00000000e4880000,0x00000000e6000000)
 ParOldGen       total 143872K, used 90071K [0x0000000080e00000, 0x0000000089a80000, 0x00000000d5a00000)
  object space 143872K, 62% used [0x0000000080e00000,0x00000000865f5c18,0x0000000089a80000)
 Metaspace       used 72501K, capacity 79354K, committed 79616K, reserved 1118208K
  class space    used 9123K, capacity 10463K, committed 10496K, reserved 1048576K
}
Event: 4117.673 GC heap before
{Heap before GC invocations=73 (full 20):
 PSYoungGen      total 267776K, used 244224K [0x00000000d5a00000, 0x00000000e7780000, 0x0000000100000000)
  eden space 244224K, 100% used [0x00000000d5a00000,0x00000000e4880000,0x00000000e4880000)
  from space 23552K, 0% used [0x00000000e6080000,0x00000000e6080000,0x00000000e7780000)
  to   space 24064K, 0% used [0x00000000e4880000,0x00000000e4880000,0x00000000e6000000)
 ParOldGen       total 143872K, used 90071K [0x0000000080e00000, 0x0000000089a80000, 0x00000000d5a00000)
  object space 143872K, 62% used [0x0000000080e00000,0x00000000865f5c18,0x0000000089a80000)
 Metaspace       used 73096K, capacity 79998K, committed 80256K, reserved 1118208K
  class space    used 9179K, capacity 10543K, committed 10624K, reserved 1048576K
Event: 4117.681 GC heap after
Heap after GC invocations=73 (full 20):
 PSYoungGen      total 268288K, used 17113K [0x00000000d5a00000, 0x00000000e7980000, 0x0000000100000000)
  eden space 244224K, 0% used [0x00000000d5a00000,0x00000000d5a00000,0x00000000e4880000)
  from space 24064K, 71% used [0x00000000e4880000,0x00000000e5936540,0x00000000e6000000)
  to   space 24576K, 0% used [0x00000000e6180000,0x00000000e6180000,0x00000000e7980000)
 ParOldGen       total 143872K, used 90079K [0x0000000080e00000, 0x0000000089a80000, 0x00000000d5a00000)
  object space 143872K, 62% used [0x0000000080e00000,0x00000000865f7c18,0x0000000089a80000)
 Metaspace       used 73096K, capacity 79998K, committed 80256K, reserved 1118208K
  class space    used 9179K, capacity 10543K, committed 10624K, reserved 1048576K
}
Event: 4662.015 GC heap before
{Heap before GC invocations=74 (full 20):
 PSYoungGen      total 268288K, used 261337K [0x00000000d5a00000, 0x00000000e7980000, 0x0000000100000000)
  eden space 244224K, 100% used [0x00000000d5a00000,0x00000000e4880000,0x00000000e4880000)
  from space 24064K, 71% used [0x00000000e4880000,0x00000000e5936540,0x00000000e6000000)
  to   space 24576K, 0% used [0x00000000e6180000,0x00000000e6180000,0x00000000e7980000)
 ParOldGen       total 143872K, used 90079K [0x0000000080e00000, 0x0000000089a80000, 0x00000000d5a00000)
  object space 143872K, 62% used [0x0000000080e00000,0x00000000865f7c18,0x0000000089a80000)
 Metaspace       used 73096K, capacity 79998K, committed 80256K, reserved 1118208K
  class space    used 9179K, capacity 10543K, committed 10624K, reserved 1048576K
Event: 4662.037 GC heap after
Heap after GC invocations=74 (full 20):
 PSYoungGen      total 249344K, used 12458K [0x00000000d5a00000, 0x00000000e6e80000, 0x0000000100000000)
  eden space 236032K, 0% used [0x00000000d5a00000,0x00000000d5a00000,0x00000000e4080000)
  from space 13312K, 93% used [0x00000000e6180000,0x00000000e6daab18,0x00000000e6e80000)
  to   space 23552K, 0% used [0x00000000e4080000,0x00000000e4080000,0x00000000e5780000)
 ParOldGen       total 143872K, used 90079K [0x0000000080e00000, 0x0000000089a80000, 0x00000000d5a00000)
  object space 143872K, 62% used [0x0000000080e00000,0x00000000865f7c18,0x0000000089a80000)
 Metaspace       used 73096K, capacity 79998K, committed 80256K, reserved 1118208K
  class space    used 9179K, capacity 10543K, committed 10624K, reserved 1048576K
}
Event: 4687.593 GC heap before
{Heap before GC invocations=75 (full 20):
 PSYoungGen      total 249344K, used 30594K [0x00000000d5a00000, 0x00000000e6e80000, 0x0000000100000000)
  eden space 236032K, 7% used [0x00000000d5a00000,0x00000000d6bb5f18,0x00000000e4080000)
  from space 13312K, 93% used [0x00000000e6180000,0x00000000e6daab18,0x00000000e6e80000)
  to   space 23552K, 0% used [0x00000000e4080000,0x00000000e4080000,0x00000000e5780000)
 ParOldGen       total 143872K, used 90079K [0x0000000080e00000, 0x0000000089a80000, 0x00000000d5a00000)
  object space 143872K, 62% used [0x0000000080e00000,0x00000000865f7c18,0x0000000089a80000)
 Metaspace       used 73098K, capacity 80004K, committed 80256K, reserved 1118208K
  class space    used 9180K, capacity 10545K, committed 10624K, reserved 1048576K
Event: 4687.602 GC heap after
Heap after GC invocations=75 (full 20):
 PSYoungGen      total 245760K, used 9450K [0x00000000d5a00000, 0x00000000e6d80000, 0x0000000100000000)
  eden space 236032K, 0% used [0x00000000d5a00000,0x00000000d5a00000,0x00000000e4080000)
  from space 9728K, 97% used [0x00000000e4080000,0x00000000e49baaf8,0x00000000e4a00000)
  to   space 23040K, 0% used [0x00000000e5700000,0x00000000e5700000,0x00000000e6d80000)
 ParOldGen       total 143872K, used 90079K [0x0000000080e00000, 0x0000000089a80000, 0x00000000d5a00000)
  object space 143872K, 62% used [0x0000000080e00000,0x00000000865f7c18,0x0000000089a80000)
 Metaspace       used 73098K, capacity 80004K, committed 80256K, reserved 1118208K
  class space    used 9180K, capacity 10545K, committed 10624K, reserved 1048576K
}
Event: 4687.602 GC heap before
{Heap before GC invocations=76 (full 21):
 PSYoungGen      total 245760K, used 9450K [0x00000000d5a00000, 0x00000000e6d80000, 0x0000000100000000)
  eden space 236032K, 0% used [0x00000000d5a00000,0x00000000d5a00000,0x00000000e4080000)
  from space 9728K, 97% used [0x00000000e4080000,0x00000000e49baaf8,0x00000000e4a00000)
  to   space 23040K, 0% used [0x00000000e5700000,0x00000000e5700000,0x00000000e6d80000)
 ParOldGen       total 143872K, used 90079K [0x0000000080e00000, 0x0000000089a80000, 0x00000000d5a00000)
  object space 143872K, 62% used [0x0000000080e00000,0x00000000865f7c18,0x0000000089a80000)
 Metaspace       used 73098K, capacity 80004K, committed 80256K, reserved 1118208K
  class space    used 9180K, capacity 10545K, committed 10624K, reserved 1048576K
Event: 4688.046 GC heap after
Heap after GC invocations=76 (full 21):
 PSYoungGen      total 245760K, used 0K [0x00000000d5a00000, 0x00000000e6d80000, 0x0000000100000000)
  eden space 236032K, 0% used [0x00000000d5a00000,0x00000000d5a00000,0x00000000e4080000)
  from space 9728K, 0% used [0x00000000e4080000,0x00000000e4080000,0x00000000e4a00000)
  to   space 23040K, 0% used [0x00000000e5700000,0x00000000e5700000,0x00000000e6d80000)
 ParOldGen       total 143872K, used 86315K [0x0000000080e00000, 0x0000000089a80000, 0x00000000d5a00000)
  object space 143872K, 59% used [0x0000000080e00000,0x000000008624af38,0x0000000089a80000)
 Metaspace       used 73064K, capacity 79950K, committed 80256K, reserved 1118208K
  class space    used 9175K, capacity 10536K, committed 10624K, reserved 1048576K
}

